{"/Users/maksim.dzeviantseichyk/Projects/cct-lce/@types/Shared.ts": {"path":"/Users/maksim.dzeviantseichyk/Projects/cct-lce/@types/Shared.ts","statementMap":{"0":{"start":{"line":52,"column":0},"end":{"line":52,"column":null}},"1":{"start":{"line":53,"column":4},"end":{"line":53,"column":null}},"2":{"start":{"line":54,"column":4},"end":{"line":54,"column":null}}},"fnMap":{"0":{"name":"(anonymous_0)","decl":{"start":{"line":52,"column":0},"end":{"line":52,"column":12}},"loc":{"start":{"line":52,"column":25},"end":{"line":55,"column":1}}}},"branchMap":{"0":{"loc":{"start":{"line":52,"column":12},"end":{"line":52,"column":null}},"type":"binary-expr","locations":[{"start":{"line":52,"column":12},"end":{"line":52,"column":25}},{"start":{"line":52,"column":12},"end":{"line":52,"column":null}}]}},"s":{"0":1,"1":1,"2":1},"f":{"0":1},"b":{"0":[1,1]}}
,"/Users/maksim.dzeviantseichyk/Projects/cct-lce/app/LCE.ts": {"path":"/Users/maksim.dzeviantseichyk/Projects/cct-lce/app/LCE.ts","statementMap":{"0":{"start":{"line":1,"column":0},"end":{"line":1,"column":43}},"1":{"start":{"line":2,"column":0},"end":{"line":2,"column":47}},"2":{"start":{"line":6,"column":0},"end":{"line":6,"column":47}},"3":{"start":{"line":14,"column":8},"end":{"line":14,"column":44}},"4":{"start":{"line":15,"column":8},"end":{"line":15,"column":46}},"5":{"start":{"line":19,"column":23},"end":{"line":19,"column":80}},"6":{"start":{"line":21,"column":29},"end":{"line":21,"column":65}},"7":{"start":{"line":23,"column":8},"end":{"line":25,"column":null}},"8":{"start":{"line":24,"column":12},"end":{"line":24,"column":25}},"9":{"start":{"line":27,"column":8},"end":{"line":27,"column":56}},"10":{"start":{"line":31,"column":22},"end":{"line":31,"column":32}},"11":{"start":{"line":32,"column":8},"end":{"line":32,"column":77}},"12":{"start":{"line":33,"column":20},"end":{"line":33,"column":30}},"13":{"start":{"line":35,"column":8},"end":{"line":35,"column":59}},"14":{"start":{"line":42,"column":22},"end":{"line":42,"column":32}},"15":{"start":{"line":43,"column":25},"end":{"line":43,"column":101}},"16":{"start":{"line":44,"column":20},"end":{"line":44,"column":30}},"17":{"start":{"line":46,"column":8},"end":{"line":59,"column":null}},"18":{"start":{"line":49,"column":12},"end":{"line":54,"column":null}},"19":{"start":{"line":50,"column":16},"end":{"line":50,"column":48}},"20":{"start":{"line":52,"column":16},"end":{"line":52,"column":35}},"21":{"start":{"line":53,"column":16},"end":{"line":53,"column":28}},"22":{"start":{"line":56,"column":50},"end":{"line":56,"column":97}},"23":{"start":{"line":58,"column":12},"end":{"line":58,"column":61}},"24":{"start":{"line":60,"column":8},"end":{"line":60,"column":20}},"25":{"start":{"line":64,"column":44},"end":{"line":64,"column":65}},"26":{"start":{"line":66,"column":8},"end":{"line":66,"column":58}},"27":{"start":{"line":67,"column":8},"end":{"line":67,"column":52}},"28":{"start":{"line":71,"column":44},"end":{"line":71,"column":65}},"29":{"start":{"line":73,"column":8},"end":{"line":73,"column":56}},"30":{"start":{"line":74,"column":8},"end":{"line":74,"column":52}},"31":{"start":{"line":78,"column":22},"end":{"line":78,"column":67}},"32":{"start":{"line":78,"column":39},"end":{"line":78,"column":57}},"33":{"start":{"line":80,"column":8},"end":{"line":95,"column":null}},"34":{"start":{"line":81,"column":26},"end":{"line":83,"column":25}},"35":{"start":{"line":85,"column":27},"end":{"line":87,"column":14}},"36":{"start":{"line":89,"column":12},"end":{"line":89,"column":32}},"37":{"start":{"line":90,"column":12},"end":{"line":90,"column":26}},"38":{"start":{"line":92,"column":12},"end":{"line":92,"column":31}},"39":{"start":{"line":93,"column":12},"end":{"line":93,"column":32}},"40":{"start":{"line":94,"column":12},"end":{"line":94,"column":24}},"41":{"start":{"line":99,"column":8},"end":{"line":99,"column":45}},"42":{"start":{"line":99,"column":35},"end":{"line":99,"column":45}},"43":{"start":{"line":100,"column":8},"end":{"line":100,"column":44}},"44":{"start":{"line":100,"column":35},"end":{"line":100,"column":44}},"45":{"start":{"line":101,"column":8},"end":{"line":101,"column":17}},"46":{"start":{"line":105,"column":8},"end":{"line":107,"column":11}},"47":{"start":{"line":106,"column":12},"end":{"line":106,"column":31}},"48":{"start":{"line":108,"column":8},"end":{"line":110,"column":11}},"49":{"start":{"line":109,"column":12},"end":{"line":109,"column":31}},"50":{"start":{"line":111,"column":8},"end":{"line":111,"column":44}},"51":{"start":{"line":112,"column":8},"end":{"line":112,"column":46}},"52":{"start":{"line":116,"column":34},"end":{"line":116,"column":48}},"53":{"start":{"line":117,"column":27},"end":{"line":117,"column":43}},"54":{"start":{"line":118,"column":31},"end":{"line":118,"column":61}},"55":{"start":{"line":119,"column":35},"end":{"line":119,"column":56}},"56":{"start":{"line":120,"column":35},"end":{"line":120,"column":60}},"57":{"start":{"line":121,"column":8},"end":{"line":125,"column":10}},"58":{"start":{"line":129,"column":29},"end":{"line":129,"column":59}},"59":{"start":{"line":130,"column":26},"end":{"line":130,"column":60}},"60":{"start":{"line":131,"column":26},"end":{"line":131,"column":73}},"61":{"start":{"line":133,"column":8},"end":{"line":142,"column":null}},"62":{"start":{"line":133,"column":21},"end":{"line":133,"column":22}},"63":{"start":{"line":134,"column":32},"end":{"line":134,"column":52}},"64":{"start":{"line":135,"column":29},"end":{"line":135,"column":46}},"65":{"start":{"line":137,"column":12},"end":{"line":141,"column":null}},"66":{"start":{"line":138,"column":16},"end":{"line":138,"column":28}},"67":{"start":{"line":139,"column":19},"end":{"line":141,"column":null}},"68":{"start":{"line":140,"column":16},"end":{"line":140,"column":29}},"69":{"start":{"line":144,"column":8},"end":{"line":144,"column":39}},"70":{"start":{"line":9,"column":0},"end":{"line":9,"column":13}}},"fnMap":{"0":{"name":"(anonymous_0)","decl":{"start":{"line":13,"column":4},"end":{"line":13,"column":null}},"loc":{"start":{"line":13,"column":4},"end":{"line":16,"column":5}}},"1":{"name":"(anonymous_1)","decl":{"start":{"line":18,"column":4},"end":{"line":18,"column":9}},"loc":{"start":{"line":18,"column":49},"end":{"line":28,"column":5}}},"2":{"name":"(anonymous_2)","decl":{"start":{"line":30,"column":4},"end":{"line":30,"column":9}},"loc":{"start":{"line":30,"column":46},"end":{"line":36,"column":5}}},"3":{"name":"(anonymous_3)","decl":{"start":{"line":38,"column":4},"end":{"line":38,"column":9}},"loc":{"start":{"line":40,"column":56},"end":{"line":61,"column":5}}},"4":{"name":"(anonymous_4)","decl":{"start":{"line":63,"column":4},"end":{"line":63,"column":18}},"loc":{"start":{"line":63,"column":30},"end":{"line":68,"column":5}}},"5":{"name":"(anonymous_5)","decl":{"start":{"line":70,"column":4},"end":{"line":70,"column":16}},"loc":{"start":{"line":70,"column":28},"end":{"line":75,"column":5}}},"6":{"name":"(anonymous_6)","decl":{"start":{"line":77,"column":4},"end":{"line":77,"column":9}},"loc":{"start":{"line":77,"column":81},"end":{"line":96,"column":5}}},"7":{"name":"(anonymous_7)","decl":{"start":{"line":78,"column":33},"end":{"line":78,"column":36}},"loc":{"start":{"line":78,"column":39},"end":{"line":78,"column":57}}},"8":{"name":"(anonymous_8)","decl":{"start":{"line":98,"column":4},"end":{"line":98,"column":11}},"loc":{"start":{"line":98,"column":78},"end":{"line":102,"column":5}}},"9":{"name":"(anonymous_9)","decl":{"start":{"line":104,"column":4},"end":{"line":104,"column":13}},"loc":{"start":{"line":104,"column":13},"end":{"line":113,"column":5}}},"10":{"name":"(anonymous_10)","decl":{"start":{"line":105,"column":47},"end":{"line":105,"column":48}},"loc":{"start":{"line":105,"column":62},"end":{"line":107,"column":9}}},"11":{"name":"(anonymous_11)","decl":{"start":{"line":108,"column":49},"end":{"line":108,"column":50}},"loc":{"start":{"line":108,"column":64},"end":{"line":110,"column":9}}},"12":{"name":"(anonymous_12)","decl":{"start":{"line":115,"column":4},"end":{"line":115,"column":17}},"loc":{"start":{"line":115,"column":55},"end":{"line":126,"column":5}}},"13":{"name":"(anonymous_13)","decl":{"start":{"line":128,"column":4},"end":{"line":128,"column":25}},"loc":{"start":{"line":128,"column":64},"end":{"line":145,"column":5}}}},"branchMap":{"0":{"loc":{"start":{"line":21,"column":29},"end":{"line":21,"column":65}},"type":"cond-expr","locations":[{"start":{"line":21,"column":35},"end":{"line":21,"column":37}},{"start":{"line":21,"column":29},"end":{"line":21,"column":65}}]},"1":{"loc":{"start":{"line":21,"column":29},"end":{"line":21,"column":37}},"type":"binary-expr","locations":[{"start":{"line":21,"column":29},"end":{"line":21,"column":37}},{"start":{"line":21,"column":29},"end":{"line":21,"column":37}}]},"2":{"loc":{"start":{"line":23,"column":8},"end":{"line":25,"column":null}},"type":"if","locations":[{"start":{"line":23,"column":8},"end":{"line":25,"column":null}}]},"3":{"loc":{"start":{"line":40,"column":8},"end":{"line":40,"column":56}},"type":"default-arg","locations":[{"start":{"line":40,"column":39},"end":{"line":40,"column":56}}]},"4":{"loc":{"start":{"line":46,"column":8},"end":{"line":59,"column":null}},"type":"if","locations":[{"start":{"line":46,"column":8},"end":{"line":59,"column":null}}]},"5":{"loc":{"start":{"line":77,"column":67},"end":{"line":77,"column":81}},"type":"default-arg","locations":[{"start":{"line":77,"column":77},"end":{"line":77,"column":81}}]},"6":{"loc":{"start":{"line":99,"column":8},"end":{"line":99,"column":45}},"type":"if","locations":[{"start":{"line":99,"column":8},"end":{"line":99,"column":45}}]},"7":{"loc":{"start":{"line":100,"column":8},"end":{"line":100,"column":44}},"type":"if","locations":[{"start":{"line":100,"column":8},"end":{"line":100,"column":44}}]},"8":{"loc":{"start":{"line":128,"column":43},"end":{"line":128,"column":64}},"type":"default-arg","locations":[{"start":{"line":128,"column":57},"end":{"line":128,"column":64}}]},"9":{"loc":{"start":{"line":134,"column":32},"end":{"line":134,"column":52}},"type":"binary-expr","locations":[{"start":{"line":134,"column":32},"end":{"line":134,"column":47}},{"start":{"line":134,"column":51},"end":{"line":134,"column":52}}]},"10":{"loc":{"start":{"line":135,"column":29},"end":{"line":135,"column":46}},"type":"binary-expr","locations":[{"start":{"line":135,"column":29},"end":{"line":135,"column":41}},{"start":{"line":135,"column":45},"end":{"line":135,"column":46}}]},"11":{"loc":{"start":{"line":137,"column":12},"end":{"line":141,"column":null}},"type":"if","locations":[{"start":{"line":137,"column":12},"end":{"line":141,"column":null}},{"start":{"line":139,"column":19},"end":{"line":141,"column":null}}]},"12":{"loc":{"start":{"line":139,"column":19},"end":{"line":141,"column":null}},"type":"if","locations":[{"start":{"line":139,"column":19},"end":{"line":141,"column":null}}]}},"s":{"0":1,"1":1,"2":1,"3":18,"4":18,"5":2,"6":2,"7":2,"8":1,"9":1,"10":1,"11":1,"12":1,"13":1,"14":3,"15":3,"16":3,"17":3,"18":2,"19":2,"20":1,"21":1,"22":1,"23":1,"24":1,"25":1,"26":1,"27":1,"28":0,"29":0,"30":0,"31":3,"32":2,"33":3,"34":3,"35":3,"36":1,"37":1,"38":2,"39":2,"40":2,"41":3,"42":1,"43":2,"44":1,"45":1,"46":2,"47":4,"48":2,"49":4,"50":2,"51":2,"52":1,"53":1,"54":1,"55":1,"56":1,"57":1,"58":0,"59":0,"60":0,"61":0,"62":0,"63":0,"64":0,"65":0,"66":0,"67":0,"68":0,"69":0,"70":1},"f":{"0":18,"1":2,"2":1,"3":3,"4":1,"5":0,"6":3,"7":2,"8":3,"9":2,"10":4,"11":4,"12":1,"13":0},"b":{"0":[0,2],"1":[2,2],"2":[1],"3":[2],"4":[2],"5":[3],"6":[1],"7":[1],"8":[0],"9":[0,0],"10":[0,0],"11":[0,0],"12":[0]}}
}
