TN:
SF:@types/Shared.ts
FN:52,(anonymous_0)
FNF:1
FNH:1
FNDA:1,(anonymous_0)
DA:52,1
DA:53,1
DA:54,1
LF:3
LH:3
BRDA:52,0,0,1
BRDA:52,0,1,1
BRF:2
BRH:2
end_of_record
TN:
SF:app/LCE.ts
FN:13,(anonymous_0)
FN:18,(anonymous_1)
FN:30,(anonymous_2)
FN:38,(anonymous_3)
FN:63,(anonymous_4)
FN:70,(anonymous_5)
FN:77,(anonymous_6)
FN:78,(anonymous_7)
FN:98,(anonymous_8)
FN:104,(anonymous_9)
FN:105,(anonymous_10)
FN:108,(anonymous_11)
FN:115,(anonymous_12)
FN:128,(anonymous_13)
FNF:14
FNH:12
FNDA:18,(anonymous_0)
FNDA:2,(anonymous_1)
FNDA:1,(anonymous_2)
FNDA:3,(anonymous_3)
FNDA:1,(anonymous_4)
FNDA:0,(anonymous_5)
FNDA:3,(anonymous_6)
FNDA:2,(anonymous_7)
FNDA:3,(anonymous_8)
FNDA:2,(anonymous_9)
FNDA:4,(anonymous_10)
FNDA:4,(anonymous_11)
FNDA:1,(anonymous_12)
FNDA:0,(anonymous_13)
DA:1,1
DA:2,1
DA:6,1
DA:9,1
DA:14,18
DA:15,18
DA:19,2
DA:21,2
DA:23,2
DA:24,1
DA:27,1
DA:31,1
DA:32,1
DA:33,1
DA:35,1
DA:42,3
DA:43,3
DA:44,3
DA:46,3
DA:49,2
DA:50,2
DA:52,1
DA:53,1
DA:56,1
DA:58,1
DA:60,1
DA:64,1
DA:66,1
DA:67,1
DA:71,0
DA:73,0
DA:74,0
DA:78,3
DA:80,3
DA:81,3
DA:85,3
DA:89,1
DA:90,1
DA:92,2
DA:93,2
DA:94,2
DA:99,3
DA:100,2
DA:101,1
DA:105,2
DA:106,4
DA:108,2
DA:109,4
DA:111,2
DA:112,2
DA:116,1
DA:117,1
DA:118,1
DA:119,1
DA:120,1
DA:121,1
DA:129,0
DA:130,0
DA:131,0
DA:133,0
DA:134,0
DA:135,0
DA:137,0
DA:138,0
DA:139,0
DA:140,0
DA:144,0
LF:67
LH:53
BRDA:21,0,0,0
BRDA:21,0,1,2
BRDA:21,1,0,2
BRDA:21,1,1,2
BRDA:23,2,0,1
BRDA:40,3,0,2
BRDA:46,4,0,2
BRDA:77,5,0,3
BRDA:99,6,0,1
BRDA:100,7,0,1
BRDA:128,8,0,0
BRDA:134,9,0,0
BRDA:134,9,1,0
BRDA:135,10,0,0
BRDA:135,10,1,0
BRDA:137,11,0,0
BRDA:137,11,1,0
BRDA:139,12,0,0
BRF:18
BRH:9
end_of_record
